#
# There is insufficient memory for the Java Runtime Environment to continue.
# Native memory allocation (malloc) failed to allocate 1062656 bytes for Chunk::new
# Possible reasons:
#   The system is out of physical RAM or swap space
#   The process is running with CompressedOops enabled, and the Java Heap may be blocking the growth of the native heap
# Possible solutions:
#   Reduce memory load on the system
#   Increase physical memory or swap space
#   Check if swap backing store is full
#   Decrease Java heap size (-Xmx/-Xms)
#   Decrease number of Java threads
#   Decrease Java thread stack sizes (-Xss)
#   Set larger code cache with -XX:ReservedCodeCacheSize=
#   JVM is running with Unscaled Compressed Oops mode in which the Java heap is
#     placed in the first 4GB address space. The Java Heap base address is the
#     maximum limit for the native heap growth. Please use -XX:HeapBaseMinAddress
#     to set the Java Heap base and to place the Java Heap above 4GB virtual address.
# This output file may be truncated or incomplete.
#
#  Out of Memory Error (./src/hotspot/share/memory/arena.cpp:197), pid=28936, tid=15736
#
# JRE version: OpenJDK Runtime Environment (11.0.10) (build 11.0.10+0-b96-7249189)
# Java VM: OpenJDK 64-Bit Server VM (11.0.10+0-b96-7249189, mixed mode, tiered, compressed oops, g1 gc, windows-amd64)
# No core dump will be written. Minidumps are not enabled by default on client versions of Windows
#

---------------  S U M M A R Y ------------

Command Line: org.jetbrains.kotlin.cli.jvm.K2JVMCompiler @V:\Study\app\build\20211121_321567094970927203.compiler.options

Host: Intel(R) Core(TM) i3-7100U CPU @ 2.40GHz, 4 cores, 7G,  Windows 10 , 64 bit Build 18362 (10.0.18362.778)
Time: Sun Nov 21 13:26:05 2021 Russia TZ 2 Standard Time elapsed time: 12.821924 seconds (0d 0h 0m 12s)

---------------  T H R E A D  ---------------

Current thread (0x000001886854c800):  JavaThread "C2 CompilerThread0" daemon [_thread_in_native, id=15736, stack(0x0000003847400000,0x0000003847500000)]


Current CompileTask:
C2:  12822 2123   !   4       jdk.internal.loader.BuiltinClassLoader::loadClassOrNull (143 bytes)

Stack: [0x0000003847400000,0x0000003847500000]
Native frames: (J=compiled Java code, j=interpreted, Vv=VM code, C=native code)
V  [jvm.dll+0x5ecfaa]
V  [jvm.dll+0x722bd5]
V  [jvm.dll+0x72412d]
V  [jvm.dll+0x7247e3]
V  [jvm.dll+0x242928]
V  [jvm.dll+0xbc4fc]
V  [jvm.dll+0xbca0c]
V  [jvm.dll+0x2b4fd4]
V  [jvm.dll+0x506028]
V  [jvm.dll+0x203253]
V  [jvm.dll+0x1fd07c]
V  [jvm.dll+0x1fa77f]
V  [jvm.dll+0x18354c]
V  [jvm.dll+0x208ee7]
V  [jvm.dll+0x207731]
V  [jvm.dll+0x6eb1cf]
V  [jvm.dll+0x6e3d45]
V  [jvm.dll+0x5ebe96]
C  [ucrtbase.dll+0x20e72]
C  [KERNEL32.DLL+0x17bd4]
C  [ntdll.dll+0x6ce51]


---------------  P R O C E S S  ---------------

Threads class SMR info:
_java_thread_list=0x00000188690114d0, length=10, elements={
0x000001884ca8b000, 0x0000018868504800, 0x0000018868528000, 0x0000018868544800,
0x0000018868547800, 0x0000018868549800, 0x000001886854c800, 0x000001886854d800,
0x0000018868551000, 0x0000018869022000
}

Java Threads: ( => current thread )
  0x000001884ca8b000 JavaThread "main" [_thread_in_native, id=32472, stack(0x0000003846800000,0x0000003846900000)]
  0x0000018868504800 JavaThread "Reference Handler" daemon [_thread_blocked, id=31828, stack(0x0000003846f00000,0x0000003847000000)]
  0x0000018868528000 JavaThread "Finalizer" daemon [_thread_blocked, id=30956, stack(0x0000003847000000,0x0000003847100000)]
  0x0000018868544800 JavaThread "Signal Dispatcher" daemon [_thread_blocked, id=5380, stack(0x0000003847100000,0x0000003847200000)]
  0x0000018868547800 JavaThread "Attach Listener" daemon [_thread_blocked, id=1168, stack(0x0000003847200000,0x0000003847300000)]
  0x0000018868549800 JavaThread "Service Thread" daemon [_thread_blocked, id=5608, stack(0x0000003847300000,0x0000003847400000)]
=>0x000001886854c800 JavaThread "C2 CompilerThread0" daemon [_thread_in_native, id=15736, stack(0x0000003847400000,0x0000003847500000)]
  0x000001886854d800 JavaThread "C1 CompilerThread0" daemon [_thread_blocked, id=16952, stack(0x0000003847500000,0x0000003847600000)]
  0x0000018868551000 JavaThread "Sweeper thread" daemon [_thread_blocked, id=22576, stack(0x0000003847600000,0x0000003847700000)]
  0x0000018869022000 JavaThread "Common-Cleaner" daemon [_thread_blocked, id=30384, stack(0x0000003847800000,0x0000003847900000)]

Other Threads:
  0x0000018868501000 VMThread "VM Thread" [stack: 0x0000003846e00000,0x0000003846f00000] [id=14404]
  0x000001886901b000 WatcherThread [stack: 0x0000003847700000,0x0000003847800000] [id=18872]
  0x000001884caa2800 GCTaskThread "GC Thread#0" [stack: 0x0000003846900000,0x0000003846a00000] [id=30928]
  0x00000188693db000 GCTaskThread "GC Thread#1" [stack: 0x0000003847900000,0x0000003847a00000] [id=31264]
  0x00000188693dc000 GCTaskThread "GC Thread#2" [stack: 0x0000003847a00000,0x0000003847b00000] [id=17828]
  0x000001884cad3800 ConcurrentGCThread "G1 Main Marker" [stack: 0x0000003846a00000,0x0000003846b00000] [id=19704]
  0x000001884cad6000 ConcurrentGCThread "G1 Conc#0" [stack: 0x0000003846b00000,0x0000003846c00000] [id=25784]
  0x0000018868371000 ConcurrentGCThread "G1 Refine#0" [stack: 0x0000003846c00000,0x0000003846d00000] [id=32568]
  0x000001884cb5a000 ConcurrentGCThread "G1 Young RemSet Sampling" [stack: 0x0000003846d00000,0x0000003846e00000] [id=23244]

Threads with active compile tasks:
C2 CompilerThread0  12874 2123   !   4       jdk.internal.loader.BuiltinClassLoader::loadClassOrNull (143 bytes)

VM state:not at safepoint (normal execution)

VM Mutex/Monitor currently owned by a thread: None

Heap address: 0x0000000081400000, size: 2028 MB, Compressed Oops mode: 32-bit
Narrow klass base: 0x0000000000000000, Narrow klass shift: 3
Compressed class space size: 1073741824 Address: 0x0000000100000000

Heap:
 garbage-first heap   total 131072K, used 39162K [0x0000000081400000, 0x0000000100000000)
  region size 1024K, 30 young (30720K), 6 survivors (6144K)
 Metaspace       used 27088K, capacity 27498K, committed 27648K, reserved 1073152K
  class space    used 2871K, capacity 3003K, committed 3072K, reserved 1048576K
Heap Regions: E=young(eden), S=young(survivor), O=old, HS=humongous(starts), HC=humongous(continues), CS=collection set, F=free, A=archive, TAMS=top-at-mark-start (previous, next)
|   0|0x0000000081400000, 0x0000000081500000, 0x0000000081500000|100%|HS|  |TAMS 0x0000000081500000, 0x0000000081400000| Complete 
|   1|0x0000000081500000, 0x0000000081600000, 0x0000000081600000|100%|HC|  |TAMS 0x0000000081600000, 0x0000000081500000| Complete 
|   2|0x0000000081600000, 0x0000000081700000, 0x0000000081700000|100%|HC|  |TAMS 0x0000000081700000, 0x0000000081600000| Complete 
|   3|0x0000000081700000, 0x0000000081700000, 0x0000000081800000|  0%| F|  |TAMS 0x0000000081700000, 0x0000000081700000| Untracked 
|   4|0x0000000081800000, 0x0000000081848400, 0x0000000081900000| 28%| O|  |TAMS 0x0000000081848400, 0x0000000081800000| Untracked 
|   5|0x0000000081900000, 0x0000000081a00000, 0x0000000081a00000|100%|HS|  |TAMS 0x0000000081900000, 0x0000000081900000| Complete 
|   6|0x0000000081a00000, 0x0000000081b00000, 0x0000000081b00000|100%|HC|  |TAMS 0x0000000081a00000, 0x0000000081a00000| Complete 
|   7|0x0000000081b00000, 0x0000000081c00000, 0x0000000081c00000|100%|HC|  |TAMS 0x0000000081b00000, 0x0000000081b00000| Complete 
|   8|0x0000000081c00000, 0x0000000081d00000, 0x0000000081d00000|100%|HS|  |TAMS 0x0000000081c00000, 0x0000000081c00000| Complete 
|   9|0x0000000081d00000, 0x0000000081e00000, 0x0000000081e00000|100%|HC|  |TAMS 0x0000000081d00000, 0x0000000081d00000| Complete 
|  10|0x0000000081e00000, 0x0000000081f00000, 0x0000000081f00000|100%|HC|  |TAMS 0x0000000081e00000, 0x0000000081e00000| Complete 
|  11|0x0000000081f00000, 0x0000000081f00000, 0x0000000082000000|  0%| F|  |TAMS 0x0000000081f00000, 0x0000000081f00000| Untracked 
|  12|0x0000000082000000, 0x0000000082000000, 0x0000000082100000|  0%| F|  |TAMS 0x0000000082000000, 0x0000000082000000| Untracked 
|  13|0x0000000082100000, 0x0000000082100000, 0x0000000082200000|  0%| F|  |TAMS 0x0000000082100000, 0x0000000082100000| Untracked 
|  14|0x0000000082200000, 0x0000000082200000, 0x0000000082300000|  0%| F|  |TAMS 0x0000000082200000, 0x0000000082200000| Untracked 
|  15|0x0000000082300000, 0x0000000082300000, 0x0000000082400000|  0%| F|  |TAMS 0x0000000082300000, 0x0000000082300000| Untracked 
|  16|0x0000000082400000, 0x0000000082400000, 0x0000000082500000|  0%| F|  |TAMS 0x0000000082400000, 0x0000000082400000| Untracked 
|  17|0x0000000082500000, 0x0000000082500000, 0x0000000082600000|  0%| F|  |TAMS 0x0000000082500000, 0x0000000082500000| Untracked 
|  18|0x0000000082600000, 0x0000000082600000, 0x0000000082700000|  0%| F|  |TAMS 0x0000000082600000, 0x0000000082600000| Untracked 
|  19|0x0000000082700000, 0x0000000082700000, 0x0000000082800000|  0%| F|  |TAMS 0x0000000082700000, 0x0000000082700000| Untracked 
|  20|0x0000000082800000, 0x0000000082800000, 0x0000000082900000|  0%| F|  |TAMS 0x0000000082800000, 0x0000000082800000| Untracked 
|  21|0x0000000082900000, 0x0000000082900000, 0x0000000082a00000|  0%| F|  |TAMS 0x0000000082900000, 0x0000000082900000| Untracked 
|  22|0x0000000082a00000, 0x0000000082a00000, 0x0000000082b00000|  0%| F|  |TAMS 0x0000000082a00000, 0x0000000082a00000| Untracked 
|  23|0x0000000082b00000, 0x0000000082b00000, 0x0000000082c00000|  0%| F|  |TAMS 0x0000000082b00000, 0x0000000082b00000| Untracked 
|  24|0x0000000082c00000, 0x0000000082c00000, 0x0000000082d00000|  0%| F|  |TAMS 0x0000000082c00000, 0x0000000082c00000| Untracked 
|  25|0x0000000082d00000, 0x0000000082d00000, 0x0000000082e00000|  0%| F|  |TAMS 0x0000000082d00000, 0x0000000082d00000| Untracked 
|  26|0x0000000082e00000, 0x0000000082e00000, 0x0000000082f00000|  0%| F|  |TAMS 0x0000000082e00000, 0x0000000082e00000| Untracked 
|  27|0x0000000082f00000, 0x0000000082f00000, 0x0000000083000000|  0%| F|  |TAMS 0x0000000082f00000, 0x0000000082f00000| Untracked 
|  28|0x0000000083000000, 0x0000000083000000, 0x0000000083100000|  0%| F|  |TAMS 0x0000000083000000, 0x0000000083000000| Untracked 
|  29|0x0000000083100000, 0x0000000083100000, 0x0000000083200000|  0%| F|  |TAMS 0x0000000083100000, 0x0000000083100000| Untracked 
|  30|0x0000000083200000, 0x0000000083200000, 0x0000000083300000|  0%| F|  |TAMS 0x0000000083200000, 0x0000000083200000| Untracked 
|  31|0x0000000083300000, 0x0000000083300000, 0x0000000083400000|  0%| F|  |TAMS 0x0000000083300000, 0x0000000083300000| Untracked 
|  32|0x0000000083400000, 0x0000000083400000, 0x0000000083500000|  0%| F|  |TAMS 0x0000000083400000, 0x0000000083400000| Untracked 
|  33|0x0000000083500000, 0x0000000083500000, 0x0000000083600000|  0%| F|  |TAMS 0x0000000083500000, 0x0000000083500000| Untracked 
|  34|0x0000000083600000, 0x0000000083600000, 0x0000000083700000|  0%| F|  |TAMS 0x0000000083600000, 0x0000000083600000| Untracked 
|  35|0x0000000083700000, 0x0000000083700000, 0x0000000083800000|  0%| F|  |TAMS 0x0000000083700000, 0x0000000083700000| Untracked 
|  36|0x0000000083800000, 0x0000000083800000, 0x0000000083900000|  0%| F|  |TAMS 0x0000000083800000, 0x0000000083800000| Untracked 
|  37|0x0000000083900000, 0x0000000083900000, 0x0000000083a00000|  0%| F|  |TAMS 0x0000000083900000, 0x0000000083900000| Untracked 
|  38|0x0000000083a00000, 0x0000000083a00000, 0x0000000083b00000|  0%| F|  |TAMS 0x0000000083a00000, 0x0000000083a00000| Untracked 
|  39|0x0000000083b00000, 0x0000000083b00000, 0x0000000083c00000|  0%| F|  |TAMS 0x0000000083b00000, 0x0000000083b00000| Untracked 
|  40|0x0000000083c00000, 0x0000000083c00000, 0x0000000083d00000|  0%| F|  |TAMS 0x0000000083c00000, 0x0000000083c00000| Untracked 
|  41|0x0000000083d00000, 0x0000000083d00000, 0x0000000083e00000|  0%| F|  |TAMS 0x0000000083d00000, 0x0000000083d00000| Untracked 
|  42|0x0000000083e00000, 0x0000000083e00000, 0x0000000083f00000|  0%| F|  |TAMS 0x0000000083e00000, 0x0000000083e00000| Untracked 
|  43|0x0000000083f00000, 0x0000000083f00000, 0x0000000084000000|  0%| F|  |TAMS 0x0000000083f00000, 0x0000000083f00000| Untracked 
|  44|0x0000000084000000, 0x0000000084000000, 0x0000000084100000|  0%| F|  |TAMS 0x0000000084000000, 0x0000000084000000| Untracked 
|  45|0x0000000084100000, 0x0000000084100000, 0x0000000084200000|  0%| F|  |TAMS 0x0000000084100000, 0x0000000084100000| Untracked 
|  46|0x0000000084200000, 0x0000000084200000, 0x0000000084300000|  0%| F|  |TAMS 0x0000000084200000, 0x0000000084200000| Untracked 
|  47|0x0000000084300000, 0x0000000084300000, 0x0000000084400000|  0%| F|  |TAMS 0x0000000084300000, 0x0000000084300000| Untracked 
|  48|0x0000000084400000, 0x0000000084400000, 0x0000000084500000|  0%| F|  |TAMS 0x0000000084400000, 0x0000000084400000| Untracked 
|  49|0x0000000084500000, 0x0000000084500000, 0x0000000084600000|  0%| F|  |TAMS 0x0000000084500000, 0x0000000084500000| Untracked 
|  50|0x0000000084600000, 0x0000000084600000, 0x0000000084700000|  0%| F|  |TAMS 0x0000000084600000, 0x0000000084600000| Untracked 
|  51|0x0000000084700000, 0x0000000084700000, 0x0000000084800000|  0%| F|  |TAMS 0x0000000084700000, 0x0000000084700000| Untracked 
|  52|0x0000000084800000, 0x0000000084800000, 0x0000000084900000|  0%| F|  |TAMS 0x0000000084800000, 0x0000000084800000| Untracked 
|  53|0x0000000084900000, 0x0000000084900000, 0x0000000084a00000|  0%| F|  |TAMS 0x0000000084900000, 0x0000000084900000| Untracked 
|  54|0x0000000084a00000, 0x0000000084a00000, 0x0000000084b00000|  0%| F|  |TAMS 0x0000000084a00000, 0x0000000084a00000| Untracked 
|  55|0x0000000084b00000, 0x0000000084b00000, 0x0000000084c00000|  0%| F|  |TAMS 0x0000000084b00000, 0x0000000084b00000| Untracked 
|  56|0x0000000084c00000, 0x0000000084c00000, 0x0000000084d00000|  0%| F|  |TAMS 0x0000000084c00000, 0x0000000084c00000| Untracked 
|  57|0x0000000084d00000, 0x0000000084d00000, 0x0000000084e00000|  0%| F|  |TAMS 0x0000000084d00000, 0x0000000084d00000| Untracked 
|  58|0x0000000084e00000, 0x0000000084e00000, 0x0000000084f00000|  0%| F|  |TAMS 0x0000000084e00000, 0x0000000084e00000| Untracked 
|  59|0x0000000084f00000, 0x0000000084f00000, 0x0000000085000000|  0%| F|  |TAMS 0x0000000084f00000, 0x0000000084f00000| Untracked 
|  60|0x0000000085000000, 0x0000000085000000, 0x0000000085100000|  0%| F|  |TAMS 0x0000000085000000, 0x0000000085000000| Untracked 
|  61|0x0000000085100000, 0x0000000085100000, 0x0000000085200000|  0%| F|  |TAMS 0x0000000085100000, 0x0000000085100000| Untracked 
|  62|0x0000000085200000, 0x0000000085200000, 0x0000000085300000|  0%| F|  |TAMS 0x0000000085200000, 0x0000000085200000| Untracked 
|  63|0x0000000085300000, 0x0000000085300000, 0x0000000085400000|  0%| F|  |TAMS 0x0000000085300000, 0x0000000085300000| Untracked 
|  64|0x0000000085400000, 0x0000000085400000, 0x0000000085500000|  0%| F|  |TAMS 0x0000000085400000, 0x0000000085400000| Untracked 
|  65|0x0000000085500000, 0x0000000085500000, 0x0000000085600000|  0%| F|  |TAMS 0x0000000085500000, 0x0000000085500000| Untracked 
|  66|0x0000000085600000, 0x0000000085600000, 0x0000000085700000|  0%| F|  |TAMS 0x0000000085600000, 0x0000000085600000| Untracked 
|  67|0x0000000085700000, 0x0000000085700000, 0x0000000085800000|  0%| F|  |TAMS 0x0000000085700000, 0x0000000085700000| Untracked 
|  68|0x0000000085800000, 0x0000000085800000, 0x0000000085900000|  0%| F|  |TAMS 0x0000000085800000, 0x0000000085800000| Untracked 
|  69|0x0000000085900000, 0x0000000085900000, 0x0000000085a00000|  0%| F|  |TAMS 0x0000000085900000, 0x0000000085900000| Untracked 
|  70|0x0000000085a00000, 0x0000000085a00000, 0x0000000085b00000|  0%| F|  |TAMS 0x0000000085a00000, 0x0000000085a00000| Untracked 
|  71|0x0000000085b00000, 0x0000000085b00000, 0x0000000085c00000|  0%| F|  |TAMS 0x0000000085b00000, 0x0000000085b00000| Untracked 
|  72|0x0000000085c00000, 0x0000000085c00000, 0x0000000085d00000|  0%| F|  |TAMS 0x0000000085c00000, 0x0000000085c00000| Untracked 
|  73|0x0000000085d00000, 0x0000000085d00000, 0x0000000085e00000|  0%| F|  |TAMS 0x0000000085d00000, 0x0000000085d00000| Untracked 
|  74|0x0000000085e00000, 0x0000000085ef66f8, 0x0000000085f00000| 96%| S|CS|TAMS 0x0000000085e00000, 0x0000000085e00000| Complete 
|  75|0x0000000085f00000, 0x0000000086000000, 0x0000000086000000|100%| S|CS|TAMS 0x0000000085f00000, 0x0000000085f00000| Complete 
|  76|0x0000000086000000, 0x0000000086100000, 0x0000000086100000|100%| S|CS|TAMS 0x0000000086000000, 0x0000000086000000| Complete 
|  77|0x0000000086100000, 0x0000000086200000, 0x0000000086200000|100%| S|CS|TAMS 0x0000000086100000, 0x0000000086100000| Complete 
|  78|0x0000000086200000, 0x0000000086300000, 0x0000000086300000|100%| S|CS|TAMS 0x0000000086200000, 0x0000000086200000| Complete 
|  79|0x0000000086300000, 0x0000000086400000, 0x0000000086400000|100%| S|CS|TAMS 0x0000000086300000, 0x0000000086300000| Complete 
|  80|0x0000000086400000, 0x0000000086400000, 0x0000000086500000|  0%| F|  |TAMS 0x0000000086400000, 0x0000000086400000| Untracked 
|  81|0x0000000086500000, 0x0000000086500000, 0x0000000086600000|  0%| F|  |TAMS 0x0000000086500000, 0x0000000086500000| Untracked 
|  82|0x0000000086600000, 0x0000000086600000, 0x0000000086700000|  0%| F|  |TAMS 0x0000000086600000, 0x0000000086600000| Untracked 
|  83|0x0000000086700000, 0x0000000086700000, 0x0000000086800000|  0%| F|  |TAMS 0x0000000086700000, 0x0000000086700000| Untracked 
|  84|0x0000000086800000, 0x0000000086800000, 0x0000000086900000|  0%| F|  |TAMS 0x0000000086800000, 0x0000000086800000| Untracked 
|  85|0x0000000086900000, 0x0000000086900000, 0x0000000086a00000|  0%| F|  |TAMS 0x0000000086900000, 0x0000000086900000| Untracked 
|  86|0x0000000086a00000, 0x0000000086a00000, 0x0000000086b00000|  0%| F|  |TAMS 0x0000000086a00000, 0x0000000086a00000| Untracked 
|  87|0x0000000086b00000, 0x0000000086b00000, 0x0000000086c00000|  0%| F|  |TAMS 0x0000000086b00000, 0x0000000086b00000| Untracked 
|  88|0x0000000086c00000, 0x0000000086c00000, 0x0000000086d00000|  0%| F|  |TAMS 0x0000000086c00000, 0x0000000086c00000| Untracked 
|  89|0x0000000086d00000, 0x0000000086d00000, 0x0000000086e00000|  0%| F|  |TAMS 0x0000000086d00000, 0x0000000086d00000| Untracked 
|  90|0x0000000086e00000, 0x0000000086e00000, 0x0000000086f00000|  0%| F|  |TAMS 0x0000000086e00000, 0x0000000086e00000| Untracked 
|  91|0x0000000086f00000, 0x0000000086f00000, 0x0000000087000000|  0%| F|  |TAMS 0x0000000086f00000, 0x0000000086f00000| Untracked 
|  92|0x0000000087000000, 0x0000000087000000, 0x0000000087100000|  0%| F|  |TAMS 0x0000000087000000, 0x0000000087000000| Untracked 
|  93|0x0000000087100000, 0x0000000087100000, 0x0000000087200000|  0%| F|  |TAMS 0x0000000087100000, 0x0000000087100000| Untracked 
|  94|0x0000000087200000, 0x0000000087200000, 0x0000000087300000|  0%| F|  |TAMS 0x0000000087200000, 0x0000000087200000| Untracked 
|  95|0x0000000087300000, 0x0000000087300000, 0x0000000087400000|  0%| F|  |TAMS 0x0000000087300000, 0x0000000087300000| Untracked 
|  96|0x0000000087400000, 0x0000000087400000, 0x0000000087500000|  0%| F|  |TAMS 0x0000000087400000, 0x0000000087400000| Untracked 
|  97|0x0000000087500000, 0x0000000087500000, 0x0000000087600000|  0%| F|  |TAMS 0x0000000087500000, 0x0000000087500000| Untracked 
|  98|0x0000000087600000, 0x0000000087600000, 0x0000000087700000|  0%| F|  |TAMS 0x0000000087600000, 0x0000000087600000| Untracked 
|  99|0x0000000087700000, 0x0000000087700000, 0x0000000087800000|  0%| F|  |TAMS 0x0000000087700000, 0x0000000087700000| Untracked 
| 100|0x0000000087800000, 0x0000000087800000, 0x0000000087900000|  0%| F|  |TAMS 0x0000000087800000, 0x0000000087800000| Untracked 
| 101|0x0000000087900000, 0x0000000087900000, 0x0000000087a00000|  0%| F|  |TAMS 0x0000000087900000, 0x0000000087900000| Untracked 
| 102|0x0000000087a00000, 0x0000000087a00000, 0x0000000087b00000|  0%| F|  |TAMS 0x0000000087a00000, 0x0000000087a00000| Untracked 
| 103|0x0000000087b00000, 0x0000000087b00000, 0x0000000087c00000|  0%| F|  |TAMS 0x0000000087b00000, 0x0000000087b00000| Untracked 
| 104|0x0000000087c00000, 0x0000000087c80800, 0x0000000087d00000| 50%| E|  |TAMS 0x0000000087c00000, 0x0000000087c00000| Complete 
| 105|0x0000000087d00000, 0x0000000087e00000, 0x0000000087e00000|100%| E|CS|TAMS 0x0000000087d00000, 0x0000000087d00000| Complete 
| 106|0x0000000087e00000, 0x0000000087f00000, 0x0000000087f00000|100%| E|CS|TAMS 0x0000000087e00000, 0x0000000087e00000| Complete 
| 107|0x0000000087f00000, 0x0000000088000000, 0x0000000088000000|100%| E|CS|TAMS 0x0000000087f00000, 0x0000000087f00000| Complete 
| 108|0x0000000088000000, 0x0000000088100000, 0x0000000088100000|100%| E|CS|TAMS 0x0000000088000000, 0x0000000088000000| Complete 
| 109|0x0000000088100000, 0x0000000088200000, 0x0000000088200000|100%| E|CS|TAMS 0x0000000088100000, 0x0000000088100000| Complete 
| 110|0x0000000088200000, 0x0000000088300000, 0x0000000088300000|100%| E|CS|TAMS 0x0000000088200000, 0x0000000088200000| Complete 
| 111|0x0000000088300000, 0x0000000088400000, 0x0000000088400000|100%| E|CS|TAMS 0x0000000088300000, 0x0000000088300000| Complete 
| 112|0x0000000088400000, 0x0000000088500000, 0x0000000088500000|100%| E|CS|TAMS 0x0000000088400000, 0x0000000088400000| Complete 
| 113|0x0000000088500000, 0x0000000088600000, 0x0000000088600000|100%| E|CS|TAMS 0x0000000088500000, 0x0000000088500000| Complete 
| 114|0x0000000088600000, 0x0000000088700000, 0x0000000088700000|100%| E|CS|TAMS 0x0000000088600000, 0x0000000088600000| Complete 
| 115|0x0000000088700000, 0x0000000088800000, 0x0000000088800000|100%| E|CS|TAMS 0x0000000088700000, 0x0000000088700000| Complete 
| 116|0x0000000088800000, 0x0000000088900000, 0x0000000088900000|100%| E|CS|TAMS 0x0000000088800000, 0x0000000088800000| Complete 
| 117|0x0000000088900000, 0x0000000088a00000, 0x0000000088a00000|100%| E|CS|TAMS 0x0000000088900000, 0x0000000088900000| Complete 
| 118|0x0000000088a00000, 0x0000000088b00000, 0x0000000088b00000|100%| E|CS|TAMS 0x0000000088a00000, 0x0000000088a00000| Complete 
| 119|0x0000000088b00000, 0x0000000088c00000, 0x0000000088c00000|100%| E|CS|TAMS 0x0000000088b00000, 0x0000000088b00000| Complete 
| 120|0x0000000088c00000, 0x0000000088d00000, 0x0000000088d00000|100%| E|CS|TAMS 0x0000000088c00000, 0x0000000088c00000| Complete 
| 121|0x0000000088d00000, 0x0000000088e00000, 0x0000000088e00000|100%| E|CS|TAMS 0x0000000088d00000, 0x0000000088d00000| Complete 
| 122|0x0000000088e00000, 0x0000000088f00000, 0x0000000088f00000|100%| E|CS|TAMS 0x0000000088e00000, 0x0000000088e00000| Complete 
| 123|0x0000000088f00000, 0x0000000089000000, 0x0000000089000000|100%| E|CS|TAMS 0x0000000088f00000, 0x0000000088f00000| Complete 
| 124|0x0000000089000000, 0x0000000089100000, 0x0000000089100000|100%| E|CS|TAMS 0x0000000089000000, 0x0000000089000000| Complete 
| 125|0x0000000089100000, 0x0000000089200000, 0x0000000089200000|100%| E|CS|TAMS 0x0000000089100000, 0x0000000089100000| Complete 
| 126|0x0000000089200000, 0x0000000089300000, 0x0000000089300000|100%| E|CS|TAMS 0x0000000089200000, 0x0000000089200000| Complete 
| 127|0x0000000089300000, 0x0000000089400000, 0x0000000089400000|100%| E|CS|TAMS 0x0000000089300000, 0x0000000089300000| Complete 

Card table byte_map: [0x0000018861770000,0x0000018861b70000] _byte_map_base: 0x0000018861366000

Marking Bits (Prev, Next): (CMBitMap*) 0x000001884cacad10, (CMBitMap*) 0x000001884cacacd8
 Prev Bits: [0x0000018863f20000, 0x0000018865ed0000)
 Next Bits: [0x0000018861f70000, 0x0000018863f20000)

Polling page: 0x0000018851d20000

Metaspace:

Usage:
  Non-class:     23.92 MB capacity,    23.65 MB ( 99%) used,   238.35 KB ( <1%) free+waste,    39.94 KB ( <1%) overhead. 
      Class:      2.93 MB capacity,     2.80 MB ( 96%) used,   113.63 KB (  4%) free+waste,    17.69 KB ( <1%) overhead. 
       Both:     26.85 MB capacity,    26.45 MB ( 99%) used,   351.98 KB (  1%) free+waste,    57.63 KB ( <1%) overhead. 

Virtual space:
  Non-class space:       24.00 MB reserved,      24.00 MB (100%) committed 
      Class space:        1.00 GB reserved,       3.00 MB ( <1%) committed 
             Both:        1.02 GB reserved,      27.00 MB (  3%) committed 

Chunk freelists:
   Non-Class:  17.00 KB
       Class:  5.00 KB
        Both:  22.00 KB

MaxMetaspaceSize: 17179869184.00 GB
CompressedClassSpaceSize: 1.00 GB

CodeHeap 'non-profiled nmethods': size=120064Kb used=647Kb max_used=647Kb free=119417Kb
 bounds [0x0000018859800000, 0x0000018859a70000, 0x0000018860d40000]
CodeHeap 'profiled nmethods': size=120000Kb used=4433Kb max_used=4433Kb free=115566Kb
 bounds [0x00000188522d0000, 0x0000018852730000, 0x0000018859800000]
CodeHeap 'non-nmethods': size=5696Kb used=1158Kb max_used=1173Kb free=4537Kb
 bounds [0x0000018851d40000, 0x0000018851fb0000, 0x00000188522d0000]
 total_blobs=2646 nmethods=2150 adapters=407
 compilation: enabled
              stopped_count=0, restarted_count=0
 full_count=0

Compilation events (20 events):
Event: 12.741 Thread 0x000001886854d800 2139       3       java.util.Properties::loadConvert (524 bytes)
Event: 12.744 Thread 0x000001886854d800 nmethod 2139 0x000001885271a890 code [0x000001885271abc0, 0x000001885271c1f8]
Event: 12.744 Thread 0x000001886854d800 2140       3       java.util.Properties$LineReader::readLine (635 bytes)
Event: 12.748 Thread 0x000001886854d800 nmethod 2140 0x000001885271c990 code [0x000001885271cd60, 0x000001885271f6d8]
Event: 12.749 Thread 0x000001886854d800 2142  s    3       java.util.Properties::put (10 bytes)
Event: 12.749 Thread 0x000001886854d800 nmethod 2142 0x0000018852720390 code [0x0000018852720560, 0x0000018852720868]
Event: 12.750 Thread 0x000001886854d800 2143       1       java.util.concurrent.ConcurrentHashMap$MapEntry::getKey (5 bytes)
Event: 12.750 Thread 0x000001886854d800 nmethod 2143 0x00000188598a0e90 code [0x00000188598a1040, 0x00000188598a10f8]
Event: 12.750 Thread 0x000001886854d800 2144       1       java.util.concurrent.ConcurrentHashMap$MapEntry::getValue (5 bytes)
Event: 12.750 Thread 0x000001886854d800 nmethod 2144 0x00000188598a1190 code [0x00000188598a1340, 0x00000188598a13f8]
Event: 12.750 Thread 0x000001886854d800 2145       3       java.util.Locale::getLanguage (8 bytes)
Event: 12.750 Thread 0x000001886854d800 nmethod 2145 0x0000018852720990 code [0x0000018852720b40, 0x0000018852720c58]
Event: 12.752 Thread 0x000001886854d800 2146       3       jdk.internal.jimage.BasicImageReader::getAttributes (48 bytes)
Event: 12.752 Thread 0x000001886854d800 nmethod 2146 0x0000018852720d10 code [0x0000018852720f20, 0x0000018852721608]
Event: 12.752 Thread 0x000001886854d800 2147       3       jdk.internal.jimage.ImageLocation::verify (50 bytes)
Event: 12.753 Thread 0x000001886854d800 nmethod 2147 0x0000018852721810 code [0x0000018852721a60, 0x00000188527221a8]
Event: 12.782 Thread 0x000001886854d800 2148       3       java.lang.invoke.MethodTypeForm::cachedLambdaForm (44 bytes)
Event: 12.782 Thread 0x000001886854d800 nmethod 2148 0x0000018852722510 code [0x00000188527226e0, 0x0000018852722a28]
Event: 12.785 Thread 0x000001886854d800 2149       3       java.util.jar.JavaUtilJarAccessImpl::getTrustedAttributes (6 bytes)
Event: 12.786 Thread 0x000001886854d800 nmethod 2149 0x0000018852722b10 code [0x0000018852722cc0, 0x0000018852722e08]

GC Heap History (4 events):
Event: 2.022 GC heap before
{Heap before GC invocations=0 (full 0):
 garbage-first heap   total 131072K, used 17408K [0x0000000081400000, 0x0000000100000000)
  region size 1024K, 14 young (14336K), 0 survivors (0K)
 Metaspace       used 9787K, capacity 9935K, committed 10112K, reserved 1058816K
  class space    used 834K, capacity 884K, committed 896K, reserved 1048576K
}
Event: 2.037 GC heap after
{Heap after GC invocations=1 (full 0):
 garbage-first heap   total 131072K, used 5409K [0x0000000081400000, 0x0000000100000000)
  region size 1024K, 2 young (2048K), 2 survivors (2048K)
 Metaspace       used 9787K, capacity 9935K, committed 10112K, reserved 1058816K
  class space    used 834K, capacity 884K, committed 896K, reserved 1048576K
}
Event: 10.591 GC heap before
{Heap before GC invocations=1 (full 0):
 garbage-first heap   total 131072K, used 51489K [0x0000000081400000, 0x0000000100000000)
  region size 1024K, 48 young (49152K), 2 survivors (2048K)
 Metaspace       used 21000K, capacity 21209K, committed 21248K, reserved 1069056K
  class space    used 2188K, capacity 2277K, committed 2304K, reserved 1048576K
}
Event: 10.609 GC heap after
{Heap after GC invocations=2 (full 0):
 garbage-first heap   total 131072K, used 9466K [0x0000000081400000, 0x0000000100000000)
  region size 1024K, 6 young (6144K), 6 survivors (6144K)
 Metaspace       used 21000K, capacity 21209K, committed 21248K, reserved 1069056K
  class space    used 2188K, capacity 2277K, committed 2304K, reserved 1048576K
}

Deoptimization events (20 events):
Event: 12.367 Thread 0x000001884ca8b000 Uncommon trap: trap_request=0xffffffbe fr.pc=0x000001885989b9d8 relative=0x0000000000000318
Event: 12.367 Thread 0x000001884ca8b000 Uncommon trap: reason=profile_predicate action=maybe_recompile pc=0x000001885989b9d8 method=java.util.AbstractCollection.toArray([Ljava/lang/Object;)[Ljava/lang/Object; @ 39 c2
Event: 12.367 Thread 0x000001884ca8b000 DEOPT PACKING pc=0x000001885989b9d8 sp=0x00000038468fe680
Event: 12.367 Thread 0x000001884ca8b000 DEOPT UNPACKING pc=0x0000018851d678af sp=0x00000038468fe648 mode 2
Event: 12.391 Thread 0x000001884ca8b000 Uncommon trap: trap_request=0xffffffd6 fr.pc=0x000001885989cac4 relative=0x0000000000000304
Event: 12.391 Thread 0x000001884ca8b000 Uncommon trap: reason=array_check action=maybe_recompile pc=0x000001885989cac4 method=java.util.AbstractCollection.toArray([Ljava/lang/Object;)[Ljava/lang/Object; @ 116 c2
Event: 12.391 Thread 0x000001884ca8b000 DEOPT PACKING pc=0x000001885989cac4 sp=0x00000038468fe680
Event: 12.391 Thread 0x000001884ca8b000 DEOPT UNPACKING pc=0x0000018851d678af sp=0x00000038468fe630 mode 2
Event: 12.412 Thread 0x000001884ca8b000 Uncommon trap: trap_request=0xffffffde fr.pc=0x000001885987f128 relative=0x0000000000001368
Event: 12.412 Thread 0x000001884ca8b000 Uncommon trap: reason=class_check action=maybe_recompile pc=0x000001885987f128 method=java.util.zip.InflaterInputStream.read([BII)I @ 100 c2
Event: 12.412 Thread 0x000001884ca8b000 DEOPT PACKING pc=0x000001885987f128 sp=0x00000038468fe780
Event: 12.412 Thread 0x000001884ca8b000 DEOPT UNPACKING pc=0x0000018851d678af sp=0x00000038468fe7e0 mode 2
Event: 12.471 Thread 0x000001884ca8b000 Uncommon trap: trap_request=0xffffff7e fr.pc=0x000001885989c1e0 relative=0x0000000000000380
Event: 12.471 Thread 0x000001884ca8b000 Uncommon trap: reason=predicate action=maybe_recompile pc=0x000001885989c1e0 method=java.util.AbstractCollection.toArray([Ljava/lang/Object;)[Ljava/lang/Object; @ 43 c2
Event: 12.471 Thread 0x000001884ca8b000 DEOPT PACKING pc=0x000001885989c1e0 sp=0x00000038468fe4c0
Event: 12.471 Thread 0x000001884ca8b000 DEOPT UNPACKING pc=0x0000018851d678af sp=0x00000038468fe478 mode 2
Event: 12.755 Thread 0x000001884ca8b000 Uncommon trap: trap_request=0xffffff4d fr.pc=0x00000188598773a8 relative=0x0000000000000188
Event: 12.755 Thread 0x000001884ca8b000 Uncommon trap: reason=unstable_if action=reinterpret pc=0x00000188598773a8 method=java.lang.String.startsWith(Ljava/lang/String;I)Z @ 1 c2
Event: 12.755 Thread 0x000001884ca8b000 DEOPT PACKING pc=0x00000188598773a8 sp=0x00000038468fe0f0
Event: 12.755 Thread 0x000001884ca8b000 DEOPT UNPACKING pc=0x0000018851d678af sp=0x00000038468fe060 mode 2

Classes redefined (0 events):
No events

Internal exceptions (16 events):
Event: 8.473 Thread 0x000001884ca8b000 Exception <a 'java/lang/NoSuchMethodError'{0x000000008706f4c8}: 'int java.lang.invoke.DirectMethodHandle$Holder.invokeSpecialIFC(java.lang.Object, java.lang.Object, int)'> (0x000000008706f4c8) thrown at [./src/hotspot/share/interpreter/linkResolver.cpp, line 773]
Event: 10.234 Thread 0x000001884ca8b000 Exception <a 'java/lang/NoSuchMethodError'{0x00000000868d3b98}: 'java.lang.Object java.lang.invoke.DirectMethodHandle$Holder.invokeStaticInit(java.lang.Object, int)'> (0x00000000868d3b98) thrown at [./src/hotspot/share/interpreter/linkResolver.cpp, line 773]
Event: 10.412 Thread 0x000001884ca8b000 Exception <a 'java/lang/NoSuchMethodError'{0x000000008666a2e0}: 'long java.lang.invoke.DirectMethodHandle$Holder.invokeStatic(java.lang.Object)'> (0x000000008666a2e0) thrown at [./src/hotspot/share/interpreter/linkResolver.cpp, line 773]
Event: 10.416 Thread 0x000001884ca8b000 Exception <a 'java/lang/NoSuchMethodError'{0x000000008666d138}: 'long java.lang.invoke.DirectMethodHandle$Holder.invokeStaticInit(java.lang.Object)'> (0x000000008666d138) thrown at [./src/hotspot/share/interpreter/linkResolver.cpp, line 773]
Event: 10.803 Thread 0x000001884ca8b000 Exception <a 'java/lang/NoSuchMethodError'{0x00000000892214b0}: 'int java.lang.invoke.DirectMethodHandle$Holder.invokeStaticInit(java.lang.Object, java.lang.Object, java.lang.Object)'> (0x00000000892214b0) thrown at [./src/hotspot/share/interpreter/linkResolver.cpp, line 773]
Event: 10.813 Thread 0x000001884ca8b000 Exception <a 'java/lang/NoSuchMethodError'{0x000000008924d0b8}: 'int java.lang.invoke.DirectMethodHandle$Holder.invokeStaticInit(java.lang.Object, java.lang.Object)'> (0x000000008924d0b8) thrown at [./src/hotspot/share/interpreter/linkResolver.cpp, line 773]
Event: 12.007 Thread 0x000001884ca8b000 Exception <a 'java/lang/NoSuchMethodError'{0x0000000088850668}: 'java.lang.Object java.lang.invoke.DirectMethodHandle$Holder.invokeStatic(java.lang.Object, java.lang.Object, java.lang.Object, java.lang.Object, java.lang.Object, java.lang.Object, java.lang.Object, java.lang.Object, java.lang.Object, java.lang.Object, java.lang.Object, java.lang.Object, java.lang.Object, java.lang.Object, java.lang.Object)'> (0x0000000088850668) thrown at [./src/hotspot/share/interpreter/linkResolver.cpp, line 773]
Event: 12.015 Thread 0x000001884ca8b000 Exception <a 'java/lang/NoSuchMethodError'{0x000000008885e670}: 'java.lang.Object java.lang.invoke.DirectMethodHandle$Holder.invokeStatic(java.lang.Object, java.lang.Object, java.lang.Object, java.lang.Object, java.lang.Object, java.lang.Object, java.lang.Object, java.lang.Object, java.lang.Object, java.lang.Object, java.lang.Object, java.lang.Object, java.lang.Object, java.lang.Object, java.lang.Object, java.lang.Object)'> (0x000000008885e670) thrown at [./src/hotspot/share/interpreter/linkResolver.cpp, l
Event: 12.033 Thread 0x000001884ca8b000 Exception <a 'java/lang/NoSuchMethodError'{0x000000008886c588}: 'java.lang.Object java.lang.invoke.DirectMethodHandle$Holder.invokeSpecial(java.lang.Object, java.lang.Object, int, int, java.lang.Object, java.lang.Object, java.lang.Object)'> (0x000000008886c588) thrown at [./src/hotspot/share/interpreter/linkResolver.cpp, line 773]
Event: 12.034 Thread 0x000001884ca8b000 Exception <a 'java/lang/NoSuchMethodError'{0x000000008886fdc0}: 'java.lang.Object java.lang.invoke.DelegatingMethodHandle$Holder.reinvoke_L(java.lang.Object, int, int, java.lang.Object, java.lang.Object, java.lang.Object)'> (0x000000008886fdc0) thrown at [./src/hotspot/share/interpreter/linkResolver.cpp, line 773]
Event: 12.036 Thread 0x000001884ca8b000 Exception <a 'java/lang/NoSuchMethodError'{0x0000000088874148}: 'java.lang.Object java.lang.invoke.DirectMethodHandle$Holder.invokeStatic(java.lang.Object, java.lang.Object, java.lang.Object, java.lang.Object, int)'> (0x0000000088874148) thrown at [./src/hotspot/share/interpreter/linkResolver.cpp, line 773]
Event: 12.290 Thread 0x000001884ca8b000 Implicit null exception at 0x00000188598891ac to 0x000001885988935a
Event: 12.421 Thread 0x000001884ca8b000 Exception <a 'java/lang/NoSuchMethodError'{0x00000000883ee8f0}: 'void java.lang.invoke.DirectMethodHandle$Holder.invokeStatic(java.lang.Object, java.lang.Object, java.lang.Object, java.lang.Object)'> (0x00000000883ee8f0) thrown at [./src/hotspot/share/interpreter/linkResolver.cpp, line 773]
Event: 12.541 Thread 0x000001884ca8b000 Exception <a 'java/lang/NoSuchMethodError'{0x000000008813e360}: 'void java.lang.invoke.DirectMethodHandle$Holder.invokeSpecial(java.lang.Object, java.lang.Object)'> (0x000000008813e360) thrown at [./src/hotspot/share/interpreter/linkResolver.cpp, line 773]
Event: 12.639 Thread 0x000001884ca8b000 Exception <a 'java/lang/NoSuchMethodError'{0x0000000087fe3ad8}: 'void java.lang.invoke.DirectMethodHandle$Holder.invokeStaticInit(java.lang.Object, java.lang.Object)'> (0x0000000087fe3ad8) thrown at [./src/hotspot/share/interpreter/linkResolver.cpp, line 773]
Event: 12.686 Thread 0x000001884ca8b000 Exception <a 'java/lang/NoSuchMethodError'{0x0000000087e225f0}: 'void java.lang.invoke.DirectMethodHandle$Holder.invokeInterface(java.lang.Object, java.lang.Object)'> (0x0000000087e225f0) thrown at [./src/hotspot/share/interpreter/linkResolver.cpp, line 773]

Events (20 events):
Event: 12.774 loading class org/jetbrains/kotlin/com/intellij/psi/controlFlow/ControlFlow
Event: 12.774 loading class org/jetbrains/kotlin/com/intellij/psi/controlFlow/ControlFlow done
Event: 12.775 loading class org/jetbrains/kotlin/com/intellij/util/containers/ConcurrentWeakKeySoftValueHashMap
Event: 12.775 loading class org/jetbrains/kotlin/com/intellij/util/containers/ConcurrentWeakKeySoftValueHashMap done
Event: 12.780 loading class org/jetbrains/kotlin/com/intellij/util/containers/ConcurrentWeakKeySoftValueHashMap$KeyReference
Event: 12.780 loading class org/jetbrains/kotlin/com/intellij/util/containers/ConcurrentWeakKeySoftValueHashMap$KeyReference done
Event: 12.780 loading class org/jetbrains/kotlin/com/intellij/util/containers/ConcurrentWeakKeySoftValueHashMap$HardKey
Event: 12.780 loading class org/jetbrains/kotlin/com/intellij/util/containers/ConcurrentWeakKeySoftValueHashMap$HardKey done
Event: 12.780 loading class org/jetbrains/kotlin/com/intellij/util/containers/ConcurrentWeakKeySoftValueHashMap$HardKey
Event: 12.780 loading class org/jetbrains/kotlin/com/intellij/util/containers/ConcurrentWeakKeySoftValueHashMap$HardKey done
Event: 12.781 loading class org/jetbrains/kotlin/com/intellij/util/containers/ConcurrentWeakKeySoftValueHashMap$HardKey
Event: 12.781 loading class org/jetbrains/kotlin/com/intellij/util/containers/ConcurrentWeakKeySoftValueHashMap$HardKey done
Event: 12.782 loading class org/jetbrains/kotlin/com/intellij/psi/controlFlow/ControlFlowFactory
Event: 12.782 loading class org/jetbrains/kotlin/com/intellij/psi/controlFlow/ControlFlowFactory done
Event: 12.783 loading class org/jetbrains/kotlin/cli/jvm/compiler/KotlinCliJavaFileManagerImpl
Event: 12.783 loading class org/jetbrains/kotlin/cli/jvm/compiler/KotlinCliJavaFileManagerImpl done
Event: 12.785 loading class org/jetbrains/kotlin/resolve/jvm/KotlinCliJavaFileManager
Event: 12.785 loading class org/jetbrains/kotlin/resolve/jvm/KotlinCliJavaFileManager done
Event: 12.787 loading class org/jetbrains/kotlin/com/intellij/core/CoreJavaFileManager
Event: 12.787 loading class org/jetbrains/kotlin/com/intellij/core/CoreJavaFileManager done


Dynamic libraries:
0x00007ff718740000 - 0x00007ff71874a000 	V:\Andro\jre\bin\java.exe
0x00007ffc1db80000 - 0x00007ffc1dd70000 	C:\Windows\SYSTEM32\ntdll.dll
0x00007ffc1c020000 - 0x00007ffc1c0d2000 	C:\Windows\System32\KERNEL32.DLL
0x00007ffc1b010000 - 0x00007ffc1b2b3000 	C:\Windows\System32\KERNELBASE.dll
0x00007ffc1ab10000 - 0x00007ffc1ac0a000 	C:\Windows\System32\ucrtbase.dll
0x00007ffc13e70000 - 0x00007ffc13e89000 	V:\Andro\jre\bin\jli.dll
0x00007ffc1c9f0000 - 0x00007ffc1cb84000 	C:\Windows\System32\USER32.dll
0x00007ffc1af10000 - 0x00007ffc1af31000 	C:\Windows\System32\win32u.dll
0x00007ffc1cc40000 - 0x00007ffc1cc66000 	C:\Windows\System32\GDI32.dll
0x00007ffc1ba90000 - 0x00007ffc1bc24000 	C:\Windows\System32\gdi32full.dll
0x00007ffc1adc0000 - 0x00007ffc1ae5e000 	C:\Windows\System32\msvcp_win.dll
0x00007ffc05580000 - 0x00007ffc05805000 	C:\Windows\WinSxS\amd64_microsoft.windows.common-controls_6595b64144ccf1df_6.0.18362.778_none_e6c6b761130d4fb8\COMCTL32.dll
0x00007ffc1ce30000 - 0x00007ffc1cece000 	C:\Windows\System32\msvcrt.dll
0x00007ffc1bc30000 - 0x00007ffc1bf66000 	C:\Windows\System32\combase.dll
0x00007ffc1d580000 - 0x00007ffc1d6a0000 	C:\Windows\System32\RPCRT4.dll
0x00007ffc1af90000 - 0x00007ffc1b010000 	C:\Windows\System32\bcryptPrimitives.dll
0x00007ffc13e50000 - 0x00007ffc13e67000 	V:\Andro\jre\bin\VCRUNTIME140.dll
0x00007ffc1d6a0000 - 0x00007ffc1d6ce000 	C:\Windows\System32\IMM32.DLL
0x00007ffbfb280000 - 0x00007ffbfb31d000 	V:\Andro\jre\bin\msvcp140.dll
0x00007ffbc22a0000 - 0x00007ffbc2d6f000 	V:\Andro\jre\bin\server\jvm.dll
0x00007ffc1c0e0000 - 0x00007ffc1c183000 	C:\Windows\System32\ADVAPI32.dll
0x00007ffc1cfc0000 - 0x00007ffc1d057000 	C:\Windows\System32\sechost.dll
0x00007ffc1d130000 - 0x00007ffc1d138000 	C:\Windows\System32\PSAPI.DLL
0x00007ffc05fa0000 - 0x00007ffc05fa9000 	C:\Windows\SYSTEM32\WSOCK32.dll
0x00007ffc1d280000 - 0x00007ffc1d2ef000 	C:\Windows\System32\WS2_32.dll
0x00007ffc15d20000 - 0x00007ffc15d44000 	C:\Windows\SYSTEM32\WINMM.dll
0x00007ffc126d0000 - 0x00007ffc126da000 	C:\Windows\SYSTEM32\VERSION.dll
0x00007ffc15cf0000 - 0x00007ffc15d1d000 	C:\Windows\SYSTEM32\WINMMBASE.dll
0x00007ffc1b2c0000 - 0x00007ffc1b30a000 	C:\Windows\System32\cfgmgr32.dll
0x00007ffc1aaf0000 - 0x00007ffc1ab01000 	C:\Windows\System32\kernel.appcore.dll
0x00007ffc13770000 - 0x00007ffc13781000 	V:\Andro\jre\bin\verify.dll
0x00007ffc19330000 - 0x00007ffc19524000 	C:\Windows\SYSTEM32\DBGHELP.DLL
0x00007ffc04b70000 - 0x00007ffc04b9a000 	C:\Windows\SYSTEM32\dbgcore.DLL
0x00007ffc13290000 - 0x00007ffc132b9000 	V:\Andro\jre\bin\java.dll
0x00007ffc15be0000 - 0x00007ffc15beb000 	V:\Andro\jre\bin\jimage.dll
0x00007ffc131e0000 - 0x00007ffc131f8000 	V:\Andro\jre\bin\zip.dll
0x00007ffc1c2f0000 - 0x00007ffc1c9d5000 	C:\Windows\System32\SHELL32.dll
0x00007ffc1bf70000 - 0x00007ffc1c019000 	C:\Windows\System32\shcore.dll
0x00007ffc1b310000 - 0x00007ffc1ba90000 	C:\Windows\System32\windows.storage.dll
0x00007ffc1aa50000 - 0x00007ffc1aa73000 	C:\Windows\System32\profapi.dll
0x00007ffc1aaa0000 - 0x00007ffc1aaea000 	C:\Windows\System32\powrprof.dll
0x00007ffc1aa40000 - 0x00007ffc1aa50000 	C:\Windows\System32\UMPDC.dll
0x00007ffc1d4a0000 - 0x00007ffc1d4f2000 	C:\Windows\System32\shlwapi.dll
0x00007ffc1af70000 - 0x00007ffc1af87000 	C:\Windows\System32\cryptsp.dll
0x00007ffc131b0000 - 0x00007ffc131ca000 	V:\Andro\jre\bin\net.dll
0x00007ffc0caf0000 - 0x00007ffc0cbe0000 	C:\Windows\SYSTEM32\WINHTTP.dll
0x00007ffc1a260000 - 0x00007ffc1a2c7000 	C:\Windows\system32\mswsock.dll
0x00007ffc13190000 - 0x00007ffc131a4000 	V:\Andro\jre\bin\nio.dll

dbghelp: loaded successfully - version: 4.0.5 - missing functions: none
symbol engine: initialized successfully - sym options: 0x614 - pdb path: .;V:\Andro\jre\bin;C:\Windows\SYSTEM32;C:\Windows\WinSxS\amd64_microsoft.windows.common-controls_6595b64144ccf1df_6.0.18362.778_none_e6c6b761130d4fb8;V:\Andro\jre\bin\server

VM Arguments:
java_command: org.jetbrains.kotlin.cli.jvm.K2JVMCompiler @V:\Study\app\build\20211121_321567094970927203.compiler.options
java_class_path (initial): C:\Users\Waldemar\.gradle\caches\modules-2\files-2.1\org.jetbrains.kotlin\kotlin-compiler-embeddable\1.5.31\cc18c29253541dc57c25c3ef514d63c7953ae1a6\kotlin-compiler-embeddable-1.5.31.jar;C:\Users\Waldemar\.gradle\caches\modules-2\files-2.1\org.jetbrains.kotlin\kotlin-reflect\1.5.31\1523fcd842a47da0820cea772b19c51056fec8a9\kotlin-reflect-1.5.31.jar;C:\Users\Waldemar\.gradle\caches\modules-2\files-2.1\org.jetbrains.kotlin\kotlin-stdlib\1.5.31\6628d61d0f5603568e72d2d5915d2c034b4f1c55\kotlin-stdlib-1.5.31.jar;C:\Users\Waldemar\.gradle\caches\modules-2\files-2.1\org.jetbrains.kotlin\kotlin-script-runtime\1.5.31\aaea854be2cfc06373dfc11be5a6ba9ca5ca84a6\kotlin-script-runtime-1.5.31.jar;C:\Users\Waldemar\.gradle\caches\modules-2\files-2.1\org.jetbrains.kotlin\kotlin-daemon-embeddable\1.5.31\d19b549661e28c62781683dc7c7e34bf416974f1\kotlin-daemon-embeddable-1.5.31.jar;C:\Users\Waldemar\.gradle\caches\modules-2\files-2.1\org.jetbrains.intellij.deps\trove4j\1.0.20181211\216c2e14b070f334479d800987affe4054cd563f\trove4j-1.0.20181211.jar;C:\Users\Waldemar\.gradle\caches\modules-2\files-2.1\org.jetbrains\annotations\13.0\919f0dfe192fb4e063e7dacadee7f8bb9a2672a9\annotations-13.0.jar;C:\Users\Waldemar\.gradle\caches\modules-2\files-2.1\org.jetbrains.kotlin\kotlin-stdlib-common\1.5.31\43331609c7de811fed085e0dfd150874b157c32\kotlin-stdlib-common-1.5.31.jar
Launcher Type: SUN_STANDARD

[Global flags]
     intx CICompilerCount                          = 3                                         {product} {ergonomic}
     uint ConcGCThreads                            = 1                                         {product} {ergonomic}
     uint G1ConcRefinementThreads                  = 4                                         {product} {ergonomic}
   size_t G1HeapRegionSize                         = 1048576                                   {product} {ergonomic}
    uintx GCDrainStackTargetSize                   = 64                                        {product} {ergonomic}
   size_t InitialHeapSize                          = 134217728                                 {product} {ergonomic}
   size_t MarkStackSize                            = 4194304                                   {product} {ergonomic}
   size_t MaxHeapSize                              = 2126512128                                {product} {ergonomic}
   size_t MaxNewSize                               = 1275068416                                {product} {ergonomic}
   size_t MinHeapDeltaBytes                        = 1048576                                   {product} {ergonomic}
    uintx NonNMethodCodeHeapSize                   = 5830732                                {pd product} {ergonomic}
    uintx NonProfiledCodeHeapSize                  = 122913754                              {pd product} {ergonomic}
    uintx ProfiledCodeHeapSize                     = 122913754                              {pd product} {ergonomic}
    uintx ReservedCodeCacheSize                    = 251658240                              {pd product} {ergonomic}
     bool SegmentedCodeCache                       = true                                      {product} {ergonomic}
     bool UseCompressedClassPointers               = true                                 {lp64_product} {ergonomic}
     bool UseCompressedOops                        = true                                 {lp64_product} {ergonomic}
     bool UseG1GC                                  = true                                      {product} {ergonomic}
     bool UseLargePagesIndividualAllocation        = false                                  {pd product} {ergonomic}

Logging:
Log output configuration:
 #0: stdout all=warning uptime,level,tags
 #1: stderr all=off uptime,level,tags

Environment Variables:
PATH=C:\Windows\system32;C:\Windows;C:\Windows\System32\Wbem;C:\Windows\System32\WindowsPowerShell\v1.0\;C:\Windows\System32\OpenSSH\;E:\Git\cmd;C:\ProgramData\chocolatey\bin;E:\nodejs\;C:\Users\Waldemar\AppData\Local\Microsoft\WindowsApps;E:\Microsoft VS Code\bin;C:\Users\Владимир\AppData\Roaming\npm
USERNAME=Vladimir
OS=Windows_NT
PROCESSOR_IDENTIFIER=Intel64 Family 6 Model 142 Stepping 9, GenuineIntel



---------------  S Y S T E M  ---------------

OS: Windows 10 , 64 bit Build 18362 (10.0.18362.778)
OS uptime: 2 days 1:47 hours
Hyper-V role detected

CPU:total 4 (initial active 4) (2 cores per cpu, 2 threads per core) family 6 model 142 stepping 9 microcode 0x9a, cmov, cx8, fxsr, mmx, sse, sse2, sse3, ssse3, sse4.1, sse4.2, popcnt, avx, avx2, aes, clmul, erms, 3dnowpref, lzcnt, ht, tsc, tscinvbit, bmi1, bmi2, adx, fma

Memory: 4k page, system-wide physical 8107M (336M free)
TotalPageFile size 10155M (AvailPageFile size 5M)
current process WorkingSet (physical memory assigned to process): 150M, peak: 150M
current process commit charge ("private bytes"): 244M, peak: 245M

vm_info: OpenJDK 64-Bit Server VM (11.0.10+0-b96-7249189) for windows-amd64 JRE (11.0.10+0-b96-7249189), built on Mar 31 2021 21:44:00 by "builder" with MS VC++ 14.0 (VS2015)

END.
